2023-12-05T09:52:09+00:00 CRITICAL Uncaught Error: Call to undefined function get_field() in /Users/sanom4/github/konashop/wp-content/themes/konaboot/home.php:789
Stack trace:
#0 /Users/sanom4/github/konashop/wp-includes/template-loader.php(106): include()
#1 /Users/sanom4/github/konashop/wp-blog-header.php(19): require_once('/Users/sanom4/g...')
#2 /Users/sanom4/github/konashop/index.php(17): require('/Users/sanom4/g...')
#3 {main}
  thrown in /Users/sanom4/github/konashop/wp-content/themes/konaboot/home.php on line 789

2023-12-05T09:52:09+00:00 CRITICAL Uncaught Error: Call to undefined function get_field() in /Users/sanom4/github/konashop/wp-content/themes/konaboot/home.php:789
Stack trace:
#0 /Users/sanom4/github/konashop/wp-includes/template-loader.php(106): include()
#1 /Users/sanom4/github/konashop/wp-blog-header.php(19): require_once('/Users/sanom4/g...')
#2 /Users/sanom4/github/konashop/index.php(17): require('/Users/sanom4/g...')
#3 {main}
  thrown in /Users/sanom4/github/konashop/wp-content/themes/konaboot/home.php on line 789

2023-12-05T09:52:16+00:00 CRITICAL Uncaught Error: Call to undefined function get_field() in /Users/sanom4/github/konashop/wp-content/themes/konaboot/home.php:789
Stack trace:
#0 /Users/sanom4/github/konashop/wp-includes/template-loader.php(106): include()
#1 /Users/sanom4/github/konashop/wp-blog-header.php(19): require_once('/Users/sanom4/g...')
#2 /Users/sanom4/github/konashop/index.php(17): require('/Users/sanom4/g...')
#3 {main}
  thrown in /Users/sanom4/github/konashop/wp-content/themes/konaboot/home.php on line 789

