2023-12-04T14:51:46+00:00 CRITICAL Uncaught Error: Call to undefined function Wp_Basis\Setup\scripts() in /Users/sanom4/github/konashop/wp-content/themes/konastore/footer.php:38
Stack trace:
#0 /Users/sanom4/github/konashop/wp-includes/template.php(790): require_once()
#1 /Users/sanom4/github/konashop/wp-includes/template.php(725): load_template('/Users/sanom4/g...', true, Array)
#2 /Users/sanom4/github/konashop/wp-includes/general-template.php(92): locate_template(Array, true, true, Array)
#3 /Users/sanom4/github/konashop/wp-content/themes/konastore/index.php(52): get_footer()
#4 /Users/sanom4/github/konashop/wp-includes/template-loader.php(106): include('/Users/sanom4/g...')
#5 /Users/sanom4/github/konashop/wp-blog-header.php(19): require_once('/Users/sanom4/g...')
#6 /Users/sanom4/github/konashop/index.php(17): require('/Users/sanom4/g...')
#7 /private/var/folders/tz/z2blfc9x1vlbgxs50tq4kjvw0000gn/T/wp-cli-extract-from-phar-656de5f2acfea0.09617471-router.php(134): require_once('/Users/sanom4/g...')
#8 {main}
  thrown in /Users/sanom4/github/konashop/wp-content/themes/konastore/footer.php on line 38

2023-12-04T14:51:46+00:00 CRITICAL Uncaught Error: Call to undefined function Wp_Basis\Setup\scripts() in /Users/sanom4/github/konashop/wp-content/themes/konastore/footer.php:38
Stack trace:
#0 /Users/sanom4/github/konashop/wp-includes/template.php(790): require_once()
#1 /Users/sanom4/github/konashop/wp-includes/template.php(725): load_template('/Users/sanom4/g...', true, Array)
#2 /Users/sanom4/github/konashop/wp-includes/general-template.php(92): locate_template(Array, true, true, Array)
#3 /Users/sanom4/github/konashop/wp-content/themes/konastore/index.php(52): get_footer()
#4 /Users/sanom4/github/konashop/wp-includes/template-loader.php(106): include('/Users/sanom4/g...')
#5 /Users/sanom4/github/konashop/wp-blog-header.php(19): require_once('/Users/sanom4/g...')
#6 /Users/sanom4/github/konashop/index.php(17): require('/Users/sanom4/g...')
#7 /private/var/folders/tz/z2blfc9x1vlbgxs50tq4kjvw0000gn/T/wp-cli-extract-from-phar-656de5f2acfea0.09617471-router.php(134): require_once('/Users/sanom4/g...')
#8 {main}
  thrown in /Users/sanom4/github/konashop/wp-content/themes/konastore/footer.php on line 38

2023-12-04T14:51:46+00:00 CRITICAL Uncaught Error: Call to undefined function Wp_Basis\Setup\scripts() in /Users/sanom4/github/konashop/wp-content/themes/konastore/footer.php:38
Stack trace:
#0 /Users/sanom4/github/konashop/wp-includes/template.php(790): require_once()
#1 /Users/sanom4/github/konashop/wp-includes/template.php(725): load_template('/Users/sanom4/g...', true, Array)
#2 /Users/sanom4/github/konashop/wp-includes/general-template.php(92): locate_template(Array, true, true, Array)
#3 /Users/sanom4/github/konashop/wp-content/themes/konastore/index.php(52): get_footer()
#4 /Users/sanom4/github/konashop/wp-includes/template-loader.php(106): include('/Users/sanom4/g...')
#5 /Users/sanom4/github/konashop/wp-blog-header.php(19): require_once('/Users/sanom4/g...')
#6 /Users/sanom4/github/konashop/index.php(17): require('/Users/sanom4/g...')
#7 /private/var/folders/tz/z2blfc9x1vlbgxs50tq4kjvw0000gn/T/wp-cli-extract-from-phar-656de5f2acfea0.09617471-router.php(134): require_once('/Users/sanom4/g...')
#8 {main}
  thrown in /Users/sanom4/github/konashop/wp-content/themes/konastore/footer.php on line 38

2023-12-04T14:51:46+00:00 CRITICAL Uncaught Error: Call to undefined function Wp_Basis\Setup\scripts() in /Users/sanom4/github/konashop/wp-content/themes/konastore/footer.php:38
Stack trace:
#0 /Users/sanom4/github/konashop/wp-includes/template.php(790): require_once()
#1 /Users/sanom4/github/konashop/wp-includes/template.php(725): load_template('/Users/sanom4/g...', true, Array)
#2 /Users/sanom4/github/konashop/wp-includes/general-template.php(92): locate_template(Array, true, true, Array)
#3 /Users/sanom4/github/konashop/wp-content/themes/konastore/index.php(52): get_footer()
#4 /Users/sanom4/github/konashop/wp-includes/template-loader.php(106): include('/Users/sanom4/g...')
#5 /Users/sanom4/github/konashop/wp-blog-header.php(19): require_once('/Users/sanom4/g...')
#6 /Users/sanom4/github/konashop/index.php(17): require('/Users/sanom4/g...')
#7 /private/var/folders/tz/z2blfc9x1vlbgxs50tq4kjvw0000gn/T/wp-cli-extract-from-phar-656de5f2acfea0.09617471-router.php(134): require_once('/Users/sanom4/g...')
#8 {main}
  thrown in /Users/sanom4/github/konashop/wp-content/themes/konastore/footer.php on line 38

2023-12-04T14:51:47+00:00 CRITICAL Uncaught Error: Call to undefined function Wp_Basis\Setup\scripts() in /Users/sanom4/github/konashop/wp-content/themes/konastore/footer.php:38
Stack trace:
#0 /Users/sanom4/github/konashop/wp-includes/template.php(790): require_once()
#1 /Users/sanom4/github/konashop/wp-includes/template.php(725): load_template('/Users/sanom4/g...', true, Array)
#2 /Users/sanom4/github/konashop/wp-includes/general-template.php(92): locate_template(Array, true, true, Array)
#3 /Users/sanom4/github/konashop/wp-content/themes/konastore/index.php(52): get_footer()
#4 /Users/sanom4/github/konashop/wp-includes/template-loader.php(106): include('/Users/sanom4/g...')
#5 /Users/sanom4/github/konashop/wp-blog-header.php(19): require_once('/Users/sanom4/g...')
#6 /Users/sanom4/github/konashop/index.php(17): require('/Users/sanom4/g...')
#7 /private/var/folders/tz/z2blfc9x1vlbgxs50tq4kjvw0000gn/T/wp-cli-extract-from-phar-656de5f2acfea0.09617471-router.php(134): require_once('/Users/sanom4/g...')
#8 {main}
  thrown in /Users/sanom4/github/konashop/wp-content/themes/konastore/footer.php on line 38

2023-12-04T18:43:02+00:00 CRITICAL Uncaught Error: Call to undefined function p_enqueue_style() in /Users/sanom4/github/konashop/wp-content/themes/konaboot/inc/enqueue.php:55
Stack trace:
#0 /Users/sanom4/github/konashop/wp-includes/class-wp-hook.php(324): bootscore_scripts('')
#1 /Users/sanom4/github/konashop/wp-includes/class-wp-hook.php(348): WP_Hook->apply_filters(NULL, Array)
#2 /Users/sanom4/github/konashop/wp-includes/plugin.php(517): WP_Hook->do_action(Array)
#3 /Users/sanom4/github/konashop/wp-includes/script-loader.php(2262): do_action('wp_enqueue_scri...')
#4 /Users/sanom4/github/konashop/wp-includes/class-wp-hook.php(324): wp_enqueue_scripts('')
#5 /Users/sanom4/github/konashop/wp-includes/class-wp-hook.php(348): WP_Hook->apply_filters(NULL, Array)
#6 /Users/sanom4/github/konashop/wp-includes/plugin.php(517): WP_Hook->do_action(Array)
#7 /Users/sanom4/github/konashop/wp-includes/general-template.php(3052): do_action('wp_head')
#8 /Users/sanom4/github/konashop/wp-content/themes/konaboot/header.php(29): wp_head()
#9 /Users/sanom4/github/konashop/wp-includes/template.php(790): require_once('/Users/sanom4/g...')
#10 /Users/sanom4/github/konashop/wp-includes/template.php(725): load_template('/Users/sanom4/g...', true, Array)
#11 /Users/sanom4/github/konashop/wp-includes/general-template.php(48): locate_template(Array, true, true, Array)
#12 /Users/sanom4/github/konashop/wp-content/themes/konaboot/index.php(16): get_header()
#13 /Users/sanom4/github/konashop/wp-includes/template-loader.php(106): include('/Users/sanom4/g...')
#14 /Users/sanom4/github/konashop/wp-blog-header.php(19): require_once('/Users/sanom4/g...')
#15 /Users/sanom4/github/konashop/index.php(17): require('/Users/sanom4/g...')
#16 /private/var/folders/tz/z2blfc9x1vlbgxs50tq4kjvw0000gn/T/wp-cli-extract-from-phar-656deb1f5737e3.96268903-router.php(134): require_once('/Users/sanom4/g...')
#17 {main}
  thrown in /Users/sanom4/github/konashop/wp-content/themes/konaboot/inc/enqueue.php on line 55

2023-12-04T18:43:02+00:00 CRITICAL Uncaught Error: Call to undefined function p_enqueue_style() in /Users/sanom4/github/konashop/wp-content/themes/konaboot/inc/enqueue.php:55
Stack trace:
#0 /Users/sanom4/github/konashop/wp-includes/class-wp-hook.php(324): bootscore_scripts('')
#1 /Users/sanom4/github/konashop/wp-includes/class-wp-hook.php(348): WP_Hook->apply_filters(NULL, Array)
#2 /Users/sanom4/github/konashop/wp-includes/plugin.php(517): WP_Hook->do_action(Array)
#3 /Users/sanom4/github/konashop/wp-includes/script-loader.php(2262): do_action('wp_enqueue_scri...')
#4 /Users/sanom4/github/konashop/wp-includes/class-wp-hook.php(324): wp_enqueue_scripts('')
#5 /Users/sanom4/github/konashop/wp-includes/class-wp-hook.php(348): WP_Hook->apply_filters(NULL, Array)
#6 /Users/sanom4/github/konashop/wp-includes/plugin.php(517): WP_Hook->do_action(Array)
#7 /Users/sanom4/github/konashop/wp-includes/general-template.php(3052): do_action('wp_head')
#8 /Users/sanom4/github/konashop/wp-content/themes/konaboot/header.php(29): wp_head()
#9 /Users/sanom4/github/konashop/wp-includes/template.php(790): require_once('/Users/sanom4/g...')
#10 /Users/sanom4/github/konashop/wp-includes/template.php(725): load_template('/Users/sanom4/g...', true, Array)
#11 /Users/sanom4/github/konashop/wp-includes/general-template.php(48): locate_template(Array, true, true, Array)
#12 /Users/sanom4/github/konashop/wp-content/themes/konaboot/index.php(16): get_header()
#13 /Users/sanom4/github/konashop/wp-includes/template-loader.php(106): include('/Users/sanom4/g...')
#14 /Users/sanom4/github/konashop/wp-blog-header.php(19): require_once('/Users/sanom4/g...')
#15 /Users/sanom4/github/konashop/index.php(17): require('/Users/sanom4/g...')
#16 /private/var/folders/tz/z2blfc9x1vlbgxs50tq4kjvw0000gn/T/wp-cli-extract-from-phar-656deb1f5737e3.96268903-router.php(134): require_once('/Users/sanom4/g...')
#17 {main}
  thrown in /Users/sanom4/github/konashop/wp-content/themes/konaboot/inc/enqueue.php on line 55

2023-12-04T18:43:05+00:00 CRITICAL Uncaught Error: Call to undefined function p_enqueue_style() in /Users/sanom4/github/konashop/wp-content/themes/konaboot/inc/enqueue.php:55
Stack trace:
#0 /Users/sanom4/github/konashop/wp-includes/class-wp-hook.php(324): bootscore_scripts('')
#1 /Users/sanom4/github/konashop/wp-includes/class-wp-hook.php(348): WP_Hook->apply_filters(NULL, Array)
#2 /Users/sanom4/github/konashop/wp-includes/plugin.php(517): WP_Hook->do_action(Array)
#3 /Users/sanom4/github/konashop/wp-includes/script-loader.php(2262): do_action('wp_enqueue_scri...')
#4 /Users/sanom4/github/konashop/wp-includes/class-wp-hook.php(324): wp_enqueue_scripts('')
#5 /Users/sanom4/github/konashop/wp-includes/class-wp-hook.php(348): WP_Hook->apply_filters(NULL, Array)
#6 /Users/sanom4/github/konashop/wp-includes/plugin.php(517): WP_Hook->do_action(Array)
#7 /Users/sanom4/github/konashop/wp-includes/general-template.php(3052): do_action('wp_head')
#8 /Users/sanom4/github/konashop/wp-content/themes/konaboot/header.php(29): wp_head()
#9 /Users/sanom4/github/konashop/wp-includes/template.php(790): require_once('/Users/sanom4/g...')
#10 /Users/sanom4/github/konashop/wp-includes/template.php(725): load_template('/Users/sanom4/g...', true, Array)
#11 /Users/sanom4/github/konashop/wp-includes/general-template.php(48): locate_template(Array, true, true, Array)
#12 /Users/sanom4/github/konashop/wp-content/themes/konaboot/index.php(16): get_header()
#13 /Users/sanom4/github/konashop/wp-includes/template-loader.php(106): include('/Users/sanom4/g...')
#14 /Users/sanom4/github/konashop/wp-blog-header.php(19): require_once('/Users/sanom4/g...')
#15 /Users/sanom4/github/konashop/index.php(17): require('/Users/sanom4/g...')
#16 /private/var/folders/tz/z2blfc9x1vlbgxs50tq4kjvw0000gn/T/wp-cli-extract-from-phar-656deb1f5737e3.96268903-router.php(134): require_once('/Users/sanom4/g...')
#17 {main}
  thrown in /Users/sanom4/github/konashop/wp-content/themes/konaboot/inc/enqueue.php on line 55

2023-12-04T18:43:05+00:00 CRITICAL Uncaught Error: Call to undefined function p_enqueue_style() in /Users/sanom4/github/konashop/wp-content/themes/konaboot/inc/enqueue.php:55
Stack trace:
#0 /Users/sanom4/github/konashop/wp-includes/class-wp-hook.php(324): bootscore_scripts('')
#1 /Users/sanom4/github/konashop/wp-includes/class-wp-hook.php(348): WP_Hook->apply_filters(NULL, Array)
#2 /Users/sanom4/github/konashop/wp-includes/plugin.php(517): WP_Hook->do_action(Array)
#3 /Users/sanom4/github/konashop/wp-includes/script-loader.php(2262): do_action('wp_enqueue_scri...')
#4 /Users/sanom4/github/konashop/wp-includes/class-wp-hook.php(324): wp_enqueue_scripts('')
#5 /Users/sanom4/github/konashop/wp-includes/class-wp-hook.php(348): WP_Hook->apply_filters(NULL, Array)
#6 /Users/sanom4/github/konashop/wp-includes/plugin.php(517): WP_Hook->do_action(Array)
#7 /Users/sanom4/github/konashop/wp-includes/general-template.php(3052): do_action('wp_head')
#8 /Users/sanom4/github/konashop/wp-content/themes/konaboot/header.php(29): wp_head()
#9 /Users/sanom4/github/konashop/wp-includes/template.php(790): require_once('/Users/sanom4/g...')
#10 /Users/sanom4/github/konashop/wp-includes/template.php(725): load_template('/Users/sanom4/g...', true, Array)
#11 /Users/sanom4/github/konashop/wp-includes/general-template.php(48): locate_template(Array, true, true, Array)
#12 /Users/sanom4/github/konashop/wp-content/themes/konaboot/index.php(16): get_header()
#13 /Users/sanom4/github/konashop/wp-includes/template-loader.php(106): include('/Users/sanom4/g...')
#14 /Users/sanom4/github/konashop/wp-blog-header.php(19): require_once('/Users/sanom4/g...')
#15 /Users/sanom4/github/konashop/index.php(17): require('/Users/sanom4/g...')
#16 /private/var/folders/tz/z2blfc9x1vlbgxs50tq4kjvw0000gn/T/wp-cli-extract-from-phar-656deb1f5737e3.96268903-router.php(134): require_once('/Users/sanom4/g...')
#17 {main}
  thrown in /Users/sanom4/github/konashop/wp-content/themes/konaboot/inc/enqueue.php on line 55

2023-12-04T18:43:08+00:00 CRITICAL Uncaught Error: Call to undefined function p_enqueue_style() in /Users/sanom4/github/konashop/wp-content/themes/konaboot/inc/enqueue.php:55
Stack trace:
#0 /Users/sanom4/github/konashop/wp-includes/class-wp-hook.php(324): bootscore_scripts('')
#1 /Users/sanom4/github/konashop/wp-includes/class-wp-hook.php(348): WP_Hook->apply_filters(NULL, Array)
#2 /Users/sanom4/github/konashop/wp-includes/plugin.php(517): WP_Hook->do_action(Array)
#3 /Users/sanom4/github/konashop/wp-includes/script-loader.php(2262): do_action('wp_enqueue_scri...')
#4 /Users/sanom4/github/konashop/wp-includes/class-wp-hook.php(324): wp_enqueue_scripts('')
#5 /Users/sanom4/github/konashop/wp-includes/class-wp-hook.php(348): WP_Hook->apply_filters(NULL, Array)
#6 /Users/sanom4/github/konashop/wp-includes/plugin.php(517): WP_Hook->do_action(Array)
#7 /Users/sanom4/github/konashop/wp-includes/general-template.php(3052): do_action('wp_head')
#8 /Users/sanom4/github/konashop/wp-content/themes/konaboot/header.php(29): wp_head()
#9 /Users/sanom4/github/konashop/wp-includes/template.php(790): require_once('/Users/sanom4/g...')
#10 /Users/sanom4/github/konashop/wp-includes/template.php(725): load_template('/Users/sanom4/g...', true, Array)
#11 /Users/sanom4/github/konashop/wp-includes/general-template.php(48): locate_template(Array, true, true, Array)
#12 /Users/sanom4/github/konashop/wp-content/themes/konaboot/index.php(16): get_header()
#13 /Users/sanom4/github/konashop/wp-includes/template-loader.php(106): include('/Users/sanom4/g...')
#14 /Users/sanom4/github/konashop/wp-blog-header.php(19): require_once('/Users/sanom4/g...')
#15 /Users/sanom4/github/konashop/index.php(17): require('/Users/sanom4/g...')
#16 {main}
  thrown in /Users/sanom4/github/konashop/wp-content/themes/konaboot/inc/enqueue.php on line 55

2023-12-04T18:43:09+00:00 CRITICAL Uncaught Error: Call to undefined function p_enqueue_style() in /Users/sanom4/github/konashop/wp-content/themes/konaboot/inc/enqueue.php:55
Stack trace:
#0 /Users/sanom4/github/konashop/wp-includes/class-wp-hook.php(324): bootscore_scripts('')
#1 /Users/sanom4/github/konashop/wp-includes/class-wp-hook.php(348): WP_Hook->apply_filters(NULL, Array)
#2 /Users/sanom4/github/konashop/wp-includes/plugin.php(517): WP_Hook->do_action(Array)
#3 /Users/sanom4/github/konashop/wp-includes/script-loader.php(2262): do_action('wp_enqueue_scri...')
#4 /Users/sanom4/github/konashop/wp-includes/class-wp-hook.php(324): wp_enqueue_scripts('')
#5 /Users/sanom4/github/konashop/wp-includes/class-wp-hook.php(348): WP_Hook->apply_filters(NULL, Array)
#6 /Users/sanom4/github/konashop/wp-includes/plugin.php(517): WP_Hook->do_action(Array)
#7 /Users/sanom4/github/konashop/wp-includes/general-template.php(3052): do_action('wp_head')
#8 /Users/sanom4/github/konashop/wp-content/themes/konaboot/header.php(29): wp_head()
#9 /Users/sanom4/github/konashop/wp-includes/template.php(790): require_once('/Users/sanom4/g...')
#10 /Users/sanom4/github/konashop/wp-includes/template.php(725): load_template('/Users/sanom4/g...', true, Array)
#11 /Users/sanom4/github/konashop/wp-includes/general-template.php(48): locate_template(Array, true, true, Array)
#12 /Users/sanom4/github/konashop/wp-content/themes/konaboot/index.php(16): get_header()
#13 /Users/sanom4/github/konashop/wp-includes/template-loader.php(106): include('/Users/sanom4/g...')
#14 /Users/sanom4/github/konashop/wp-blog-header.php(19): require_once('/Users/sanom4/g...')
#15 /Users/sanom4/github/konashop/index.php(17): require('/Users/sanom4/g...')
#16 /private/var/folders/tz/z2blfc9x1vlbgxs50tq4kjvw0000gn/T/wp-cli-extract-from-phar-656deb1f5737e3.96268903-router.php(134): require_once('/Users/sanom4/g...')
#17 {main}
  thrown in /Users/sanom4/github/konashop/wp-content/themes/konaboot/inc/enqueue.php on line 55

